<?xml version="1.0" encoding="UTF-8"?>
<testng-results skipped="0" failed="0" total="1" passed="1">
  <reporter-output>
  </reporter-output>
  <suite name="Default suite" duration-ms="15412" started-at="2019-06-10T12:13:05Z" finished-at="2019-06-10T12:13:21Z">
    <groups>
    </groups>
    <test name="Default test" duration-ms="15412" started-at="2019-06-10T12:13:05Z" finished-at="2019-06-10T12:13:21Z">
      <class name="mvn.Testtestng">
        <test-method status="PASS" signature="m1()[pri:0, instance:mvn.Testtestng@12bc6874]" name="m1" duration-ms="15393" started-at="2019-06-10T17:43:05Z" finished-at="2019-06-10T17:43:21Z">
          <reporter-output>
          </reporter-output>
        </test-method> <!-- m1 -->
      </class> <!-- mvn.Testtestng -->
    </test> <!-- Default test -->
  </suite> <!-- Default suite -->
</testng-results>
